[
    true,
    true,
    true,
    true,
    true,
    true,
    {
        "Hostname":  "SPA-ARQUIVOS",
        "TimestampUtc":  "2025-09-04T11:57:18.7327005Z",
        "Status":  "Atenção",
        "IssuesWarn":  [
                           "Processos com alto uso de CPU"
                       ],
        "IssuesCrit":  [

                       ],
        "CollectionMode":  "Completo",
        "ScriptVersion":  "2.2",
        "OS":  {
                   "Caption":  "Microsoft Windows Server 2016 Standard",
                   "Version":  "10.0.14393",
                   "Build":  "14393",
                   "Architecture":  "64 bits",
                   "InstallDate":  "\/Date(1724711437000)\/",
                   "LastBoot":  "\/Date(1756848884395)\/",
                   "Uptime":  "1d 14h 22m"
               },
        "Computer":  {
                         "Manufacturer":  "LENOVO",
                         "Model":  "12JG000ABO",
                         "Serial":  "PE0ANBFZ"
                     },
        "BIOS":  {
                     "Vendor":  "LENOVO",
                     "Version":  "M4ZKT46A",
                     "ReleaseDate":  "\/Date(1745884800000)\/"
                 },
        "BaseBoard":  {
                          "Manufacturer":  "LENOVO",
                          "Product":  "3339",
                          "Serial":  "                        "
                      },
        "CPU":  {
                    "Name":  "13th Gen Intel(R) Core(TM) i3-13100",
                    "Cores":  4,
                    "Logical":  8,
                    "MaxClockMHz":  3418,
                    "ProcessorId":  "BFEBFBFF000B06F5"
                },
        "GPU":  [
                    {
                        "Name":  "Adaptador de Vídeo Básico da Microsoft",
                        "DriverVer":  "10.0.14393.0",
                        "DriverDate":  "\/Date(1150848000000)\/",
                        "VRAM_GB":  null
                    }
                ],
        "RAM":  {
                    "TotalGB":  7.68,
                    "FreeGB":  4.38,
                    "FreePercent":  57,
                    "Modules":  [
                                    {
                                        "Bank":  "BANK 0",
                                        "Slot":  "DIMM1",
                                        "Manuf":  "Smart Modular",
                                        "Part":  "SMU4WEC8C1K0464FCG  ",
                                        "Serial":  "02764B7A",
                                        "CapacityGB":  8,
                                        "SpeedMHz":  3200,
                                        "ConfClk":  3200,
                                        "Form":  8,
                                        "SMBIOSType":  26
                                    }
                                ]
                },
        "Storage":  {
                        "Volumes":  [
                                        {
                                            "DriveLetter":  "D",
                                            "Label":  "",
                                            "FileSystem":  "NTFS",
                                            "SizeGB":  931.39,
                                            "FreeGB":  718.34,
                                            "FreePercent":  77.1,
                                            "Health":  null
                                        },
                                        {
                                            "DriveLetter":  "C",
                                            "Label":  "",
                                            "FileSystem":  "NTFS",
                                            "SizeGB":  223.02,
                                            "FreeGB":  109.58,
                                            "FreePercent":  49.1,
                                            "Health":  null
                                        }
                                    ],
                        "Disks":  [
                                      {
                                          "Model":  "KINGSTON SNV2S1000G",
                                          "Serial":  "0000_0000_0000_0000_0026_B778_569E_E7F5.",
                                          "Media":  "SSD",
                                          "Bus":  "NVMe",
                                          "Type":  "NVMe",
                                          "SizeGB":  931.51,
                                          "Health":  "Healthy",
                                          "OpStatus":  "OK",
                                          "Spindle":  0
                                      },
                                      {
                                          "Model":  "Kingston SA400S37/240G",
                                          "Serial":  "2308241000515",
                                          "Media":  "SSD",
                                          "Bus":  "SATA",
                                          "Type":  "SSD",
                                          "SizeGB":  223.57,
                                          "Health":  "Healthy",
                                          "OpStatus":  "OK",
                                          "Spindle":  0
                                      }
                                  ]
                    },
        "Network":  {
                        "IPv4":  [
                                     "192.168.16.3"
                                 ],
                        "MACs":  [
                                     "04:D9:C8:60:CE:8E"
                                 ]
                    },
        "Temps":  {
                      "ACPI_MaxC":  27.9,
                      "Disk_MaxC":  null,
                      "MaxC":  27.9
                  },
        "Processes":  [
                          {
                              "Name":  "System",
                              "ID":  4,
                              "CPU":  674.31,
                              "MemoryMB":  41.21,
                              "Path":  null,
                              "StartTime":  "\/Date(1756848887264)\/"
                          },
                          {
                              "Name":  "dwm",
                              "ID":  1628,
                              "CPU":  475.16,
                              "MemoryMB":  67.36,
                              "Path":  "C:\\Windows\\system32\\dwm.exe",
                              "StartTime":  "\/Date(1756848890938)\/"
                          },
                          {
                              "Name":  "EPSecurityService",
                              "ID":  3468,
                              "CPU":  282,
                              "MemoryMB":  727.57,
                              "Path":  "C:\\Program Files\\Bitdefender\\Endpoint Security\\EPSecurityService.exe",
                              "StartTime":  "\/Date(1756848909478)\/"
                          },
                          {
                              "Name":  "tacticalrmm",
                              "ID":  3500,
                              "CPU":  205.06,
                              "MemoryMB":  37.77,
                              "Path":  "C:\\Program Files\\TacticalAgent\\tacticalrmm.exe",
                              "StartTime":  "\/Date(1756848909529)\/"
                          },
                          {
                              "Name":  "svchost",
                              "ID":  1412,
                              "CPU":  179.69,
                              "MemoryMB":  25.68,
                              "Path":  "C:\\Windows\\system32\\svchost.exe",
                              "StartTime":  "\/Date(1756848890894)\/"
                          },
                          {
                              "Name":  "lsass",
                              "ID":  808,
                              "CPU":  121.16,
                              "MemoryMB":  113.39,
                              "Path":  null,
                              "StartTime":  "\/Date(1756848889229)\/"
                          },
                          {
                              "Name":  "svchost",
                              "ID":  1712,
                              "CPU":  56.47,
                              "MemoryMB":  66.16,
                              "Path":  "C:\\Windows\\system32\\svchost.exe",
                              "StartTime":  "\/Date(1756848890952)\/"
                          },
                          {
                              "Name":  "EPProtectedService",
                              "ID":  3488,
                              "CPU":  38.86,
                              "MemoryMB":  36.62,
                              "Path":  null,
                              "StartTime":  "\/Date(1756848909479)\/"
                          },
                          {
                              "Name":  "explorer",
                              "ID":  7716,
                              "CPU":  29.03,
                              "MemoryMB":  121.11,
                              "Path":  "C:\\Windows\\Explorer.EXE",
                              "StartTime":  "\/Date(1756848947803)\/"
                          },
                          {
                              "Name":  "EPIntegrationService",
                              "ID":  3452,
                              "CPU":  28.19,
                              "MemoryMB":  63.28,
                              "Path":  "C:\\Program Files\\Bitdefender\\Endpoint Security\\EPIntegrationService.exe",
                              "StartTime":  "\/Date(1756848909475)\/"
                          },
                          {
                              "Name":  "svchost",
                              "ID":  3968,
                              "CPU":  16.38,
                              "MemoryMB":  38.28,
                              "Path":  "C:\\Windows\\system32\\svchost.exe",
                              "StartTime":  "\/Date(1756848909508)\/"
                          },
                          {
                              "Name":  "winvnc",
                              "ID":  6040,
                              "CPU":  16.33,
                              "MemoryMB":  9.76,
                              "Path":  "C:\\Program Files\\uvnc bvba\\UltraVNC\\WinVNC.exe",
                              "StartTime":  "\/Date(1756848913644)\/"
                          },
                          {
                              "Name":  "dfsrs",
                              "ID":  3960,
                              "CPU":  15.92,
                              "MemoryMB":  27.34,
                              "Path":  "C:\\Windows\\system32\\DFSRs.exe",
                              "StartTime":  "\/Date(1756848909508)\/"
                          },
                          {
                              "Name":  "svchost",
                              "ID":  1612,
                              "CPU":  14.97,
                              "MemoryMB":  19.93,
                              "Path":  "C:\\Windows\\system32\\svchost.exe",
                              "StartTime":  "\/Date(1756848890936)\/"
                          },
                          {
                              "Name":  "svchost",
                              "ID":  1164,
                              "CPU":  14.67,
                              "MemoryMB":  20.24,
                              "Path":  "C:\\Windows\\system32\\svchost.exe",
                              "StartTime":  "\/Date(1756848890704)\/"
                          }
                      ],
        "Services":  [
                         {
                             "Name":  "Dhcp",
                             "DisplayName":  "Cliente DHCP",
                             "Status":  4,
                             "StartType":  "Auto"
                         },
                         {
                             "Name":  "DNS",
                             "DisplayName":  "Servidor DNS",
                             "Status":  4,
                             "StartType":  "Auto"
                         },
                         {
                             "Name":  "EventLog",
                             "DisplayName":  "Log de Eventos do Windows",
                             "Status":  4,
                             "StartType":  "Auto"
                         },
                         {
                             "Name":  "LanmanServer",
                             "DisplayName":  "Server",
                             "Status":  4,
                             "StartType":  "Auto"
                         },
                         {
                             "Name":  "LanmanWorkstation",
                             "DisplayName":  "Estação de trabalho",
                             "Status":  4,
                             "StartType":  "Auto"
                         },
                         {
                             "Name":  "Spooler",
                             "DisplayName":  "Spooler de Impressão",
                             "Status":  4,
                             "StartType":  "Auto"
                         },
                         {
                             "Name":  "WinRM",
                             "DisplayName":  "Windows Remote Management (WS-Management)",
                             "Status":  4,
                             "StartType":  "Auto"
                         }
                     ],
        "Software":  [
                         {
                             "Name":  "Bitdefender Endpoint Security Tools",
                             "Version":  "7.9.25.561",
                             "Publisher":  "Bitdefender",
                             "InstallDate":  "20240826",
                             "SizeMB":  1225.09
                         },
                         {
                             "Name":  "Brave",
                             "Version":  "139.1.81.137",
                             "Publisher":  "Autores do Brave",
                             "InstallDate":  "20250827",
                             "SizeMB":  888.57
                         },
                         {
                             "Name":  "Wondershare Recoverit(Build 13.5.7.9)",
                             "Version":  "13.5.7.9",
                             "Publisher":  "Wondershare Software Co.,Ltd.",
                             "InstallDate":  "20250306",
                             "SizeMB":  505.45
                         },
                         {
                             "Name":  "Mozilla Firefox (x64 pt-BR)",
                             "Version":  "142.0.1",
                             "Publisher":  "Mozilla",
                             "InstallDate":  null,
                             "SizeMB":  307.52
                         },
                         {
                             "Name":  "Microsoft Windows Desktop Runtime - 8.0.8 (x64)",
                             "Version":  "8.0.8.33916",
                             "Publisher":  "Microsoft Corporation",
                             "InstallDate":  null,
                             "SizeMB":  217.16
                         },
                         {
                             "Name":  "Microsoft Edge",
                             "Version":  "139.0.3405.125",
                             "Publisher":  "Microsoft Corporation",
                             "InstallDate":  "20241119",
                             "SizeMB":  174.13
                         },
                         {
                             "Name":  "Google Chrome",
                             "Version":  "139.0.7258.155",
                             "Publisher":  "Google LLC",
                             "InstallDate":  "20241119",
                             "SizeMB":  120.71
                         },
                         {
                             "Name":  "Microsoft Windows Desktop Runtime - 8.0.8 (x64)",
                             "Version":  "64.32.18376",
                             "Publisher":  "Microsoft Corporation",
                             "InstallDate":  "20250306",
                             "SizeMB":  97.93
                         },
                         {
                             "Name":  "Microsoft .NET Runtime - 8.0.8 (x64)",
                             "Version":  "64.32.18380",
                             "Publisher":  "Microsoft Corporation",
                             "InstallDate":  "20250306",
                             "SizeMB":  92.8
                         },
                         {
                             "Name":  "Dokan Library 1.5.1.1000 Bundle",
                             "Version":  "1.5.1.1000",
                             "Publisher":  "Dokany Project",
                             "InstallDate":  null,
                             "SizeMB":  70.05
                         },
                         {
                             "Name":  "Dokan Library 1.5.1.1000 (x64)",
                             "Version":  "1.5.1.1000",
                             "Publisher":  "Dokany Project",
                             "InstallDate":  "20250306",
                             "SizeMB":  70.05
                         },
                         {
                             "Name":  "Lenovo System Update",
                             "Version":  "5.08.03.59",
                             "Publisher":  "Lenovo",
                             "InstallDate":  "20250721",
                             "SizeMB":  50.47
                         },
                         {
                             "Name":  "WakeOnLAN versão 2.12.4.0",
                             "Version":  "2.12.4.0",
                             "Publisher":  "Aquila Technology",
                             "InstallDate":  "20240908",
                             "SizeMB":  47.46
                         },
                         {
                             "Name":  "FileZilla 3.69.1",
                             "Version":  "3.69.1",
                             "Publisher":  "Tim Kosse",
                             "InstallDate":  null,
                             "SizeMB":  42.87
                         },
                         {
                             "Name":  "ConexTI Integration Service",
                             "Version":  "Version 1.0.5",
                             "Publisher":  "ConexTI Soluções em TI LTDA",
                             "InstallDate":  "20250717",
                             "SizeMB":  29.28
                         },
                         {
                             "Name":  "Tactical RMM Agent",
                             "Version":  "2.9.1",
                             "Publisher":  "AmidaWare Inc",
                             "InstallDate":  "20250508",
                             "SizeMB":  25.12
                         },
                         {
                             "Name":  "Microsoft Visual C++ 2015-2022 Redistributable (x64) - 14.44.35211",
                             "Version":  "14.44.35211.0",
                             "Publisher":  "Microsoft Corporation",
                             "InstallDate":  null,
                             "SizeMB":  20.74
                         },
                         {
                             "Name":  "Microsoft Visual C++ 2015-2022 Redistributable (x86) - 14.44.35211",
                             "Version":  "14.44.35211.0",
                             "Publisher":  "Microsoft Corporation",
                             "InstallDate":  null,
                             "SizeMB":  18.24
                         },
                         {
                             "Name":  "Notepad++ (32-bit x86)",
                             "Version":  "8.6.9",
                             "Publisher":  "Notepad++ Team",
                             "InstallDate":  null,
                             "SizeMB":  15.15
                         },
                         {
                             "Name":  "Zebra Font Downloader",
                             "Version":  null,
                             "Publisher":  "Zebra Technologies Corporation",
                             "InstallDate":  null,
                             "SizeMB":  12.41
                         }
                     ],
        "EventLogs":  [
                          {
                              "TimeCreated":  "\/Date(1756976401459)\/",
                              "LogName":  "System",
                              "Level":  "Erro",
                              "Provider":  "Microsoft-Windows-DistributedCOM",
                              "Message":  "As configurações de permissão específico do aplicativo não concedem permissão Local Ativação para o aplicativo de Servidor COM com CLSID \r\n{D63B10C5-BB46-4990-A94F-E40B9D520160}\r\n e APPID \r\n{9CA88EE3-",
                              "EventID":  10016
                          },
                          {
                              "TimeCreated":  "\/Date(1756974601392)\/",
                              "LogName":  "System",
                              "Level":  "Erro",
                              "Provider":  "Microsoft-Windows-DistributedCOM",
                              "Message":  "As configurações de permissão específico do aplicativo não concedem permissão Local Ativação para o aplicativo de Servidor COM com CLSID \r\n{D63B10C5-BB46-4990-A94F-E40B9D520160}\r\n e APPID \r\n{9CA88EE3-",
                              "EventID":  10016
                          },
                          {
                              "TimeCreated":  "\/Date(1756972801438)\/",
                              "LogName":  "System",
                              "Level":  "Erro",
                              "Provider":  "Microsoft-Windows-DistributedCOM",
                              "Message":  "As configurações de permissão específico do aplicativo não concedem permissão Local Ativação para o aplicativo de Servidor COM com CLSID \r\n{D63B10C5-BB46-4990-A94F-E40B9D520160}\r\n e APPID \r\n{9CA88EE3-",
                              "EventID":  10016
                          },
                          {
                              "TimeCreated":  "\/Date(1756954876612)\/",
                              "LogName":  "Application",
                              "Level":  "Erro",
                              "Provider":  "Microsoft-Windows-CAPI2",
                              "Message":  "Falha dos Serviços de Criptografia ao processar a chamada de OnIdentity() no Objeto de Gravador do Sistema..\n\nDetails:\nAddLegacyDriverFiles: Unable to back up image of binary Protocolo Microsoft LLDP.",
                              "EventID":  513
                          },
                          {
                              "TimeCreated":  "\/Date(1756954826000)\/",
                              "LogName":  "Application",
                              "Level":  "Erro",
                              "Provider":  "Microsoft-Windows-CAPI2",
                              "Message":  "Falha dos Serviços de Criptografia ao processar a chamada de OnIdentity() no Objeto de Gravador do Sistema..\n\nDetails:\nAddLegacyDriverFiles: Unable to back up image of binary Protocolo Microsoft LLDP.",
                              "EventID":  513
                          },
                          {
                              "TimeCreated":  "\/Date(1756954806797)\/",
                              "LogName":  "Application",
                              "Level":  "Erro",
                              "Provider":  "Microsoft-Windows-CAPI2",
                              "Message":  "Falha dos Serviços de Criptografia ao processar a chamada de OnIdentity() no Objeto de Gravador do Sistema..\n\nDetails:\nAddLegacyDriverFiles: Unable to back up image of binary Protocolo Microsoft LLDP.",
                              "EventID":  513
                          },
                          {
                              "TimeCreated":  "\/Date(1756954804447)\/",
                              "LogName":  "Application",
                              "Level":  "Erro",
                              "Provider":  "Microsoft-Windows-CAPI2",
                              "Message":  "Falha dos Serviços de Criptografia ao processar a chamada de OnIdentity() no Objeto de Gravador do Sistema..\n\nDetails:\nAddLegacyDriverFiles: Unable to back up image of binary Protocolo Microsoft LLDP.",
                              "EventID":  513
                          },
                          {
                              "TimeCreated":  "\/Date(1756954801985)\/",
                              "LogName":  "Application",
                              "Level":  "Erro",
                              "Provider":  "Microsoft-Windows-CAPI2",
                              "Message":  "Falha dos Serviços de Criptografia ao processar a chamada de OnIdentity() no Objeto de Gravador do Sistema..\n\nDetails:\nAddLegacyDriverFiles: Unable to back up image of binary Protocolo Microsoft LLDP.",
                              "EventID":  513
                          },
                          {
                              "TimeCreated":  "\/Date(1756943044121)\/",
                              "LogName":  "System",
                              "Level":  "Erro",
                              "Provider":  "Microsoft-Windows-WindowsUpdateClient",
                              "Message":  "Falha na Instalação: o Windows não pôde instalar a seguinte atualização com o erro 0x80070643: Atualização de inteligência de segurança para Microsoft Defender Antivirus - KB2267602 (versão 1.435.565.",
                              "EventID":  20
                          },
                          {
                              "TimeCreated":  "\/Date(1756943039032)\/",
                              "LogName":  "System",
                              "Level":  "Erro",
                              "Provider":  "Service Control Manager",
                              "Message":  "Não foi possível iniciar o serviço Serviço Windows Defender devido ao seguinte erro: \r\nO sistema não pode encontrar o arquivo especificado.\r\n",
                              "EventID":  7000
                          },
                          {
                              "TimeCreated":  "\/Date(1756912162566)\/",
                              "LogName":  "Application",
                              "Level":  "Erro",
                              "Provider":  "Microsoft-Windows-Immersive-Shell",
                              "Message":  "Falha na ativação do aplicativo Microsoft.Windows.Cortana_cw5n1h2txyewy!CortanaUI com o erro: Este aplicativo não pode ser ativado pelo Administrador Interno.. Veja o log Microsoft-Windows-TWinUI/Oper",
                              "EventID":  5973
                          },
                          {
                              "TimeCreated":  "\/Date(1756911902142)\/",
                              "LogName":  "Application",
                              "Level":  "Erro",
                              "Provider":  "Application Error",
                              "Message":  "Nome do aplicativo com falha: mmc.exe, versão: 10.0.14393.8244, carimbo de data/hora: 0x68636508\r\nNome do módulo com falha: GPOAdmin.dll, versão: 10.0.14393.7426, carimbo de data/hora: 0x66f6047b\r\nCód",
                              "EventID":  1000
                          },
                          {
                              "TimeCreated":  "\/Date(1756911452568)\/",
                              "LogName":  "Application",
                              "Level":  "Erro",
                              "Provider":  "Microsoft-Windows-Immersive-Shell",
                              "Message":  "Falha na ativação do aplicativo Microsoft.Windows.Cortana_cw5n1h2txyewy!CortanaUI com o erro: Este aplicativo não pode ser ativado pelo Administrador Interno.. Veja o log Microsoft-Windows-TWinUI/Oper",
                              "EventID":  5973
                          },
                          {
                              "TimeCreated":  "\/Date(1756911415425)\/",
                              "LogName":  "Application",
                              "Level":  "Erro",
                              "Provider":  "Microsoft-Windows-Immersive-Shell",
                              "Message":  "Falha na ativação do aplicativo Microsoft.Windows.Cortana_cw5n1h2txyewy!CortanaUI com o erro: Este aplicativo não pode ser ativado pelo Administrador Interno.. Veja o log Microsoft-Windows-TWinUI/Oper",
                              "EventID":  5973
                          },
                          {
                              "TimeCreated":  "\/Date(1756910249177)\/",
                              "LogName":  "Application",
                              "Level":  "Erro",
                              "Provider":  "Microsoft-Windows-Immersive-Shell",
                              "Message":  "Falha na ativação do aplicativo Microsoft.Windows.Cortana_cw5n1h2txyewy!CortanaUI com o erro: Este aplicativo não pode ser ativado pelo Administrador Interno.. Veja o log Microsoft-Windows-TWinUI/Oper",
                              "EventID":  5973
                          },
                          {
                              "TimeCreated":  "\/Date(1756909743226)\/",
                              "LogName":  "Application",
                              "Level":  "Erro",
                              "Provider":  "Microsoft-Windows-Immersive-Shell",
                              "Message":  "Falha na ativação do aplicativo Microsoft.Windows.Cortana_cw5n1h2txyewy!CortanaUI com o erro: Este aplicativo não pode ser ativado pelo Administrador Interno.. Veja o log Microsoft-Windows-TWinUI/Oper",
                              "EventID":  5973
                          },
                          {
                              "TimeCreated":  "\/Date(1756909439705)\/",
                              "LogName":  "Application",
                              "Level":  "Erro",
                              "Provider":  "Microsoft-Windows-Immersive-Shell",
                              "Message":  "Falha na ativação do aplicativo Microsoft.Windows.Cortana_cw5n1h2txyewy!CortanaUI com o erro: Este aplicativo não pode ser ativado pelo Administrador Interno.. Veja o log Microsoft-Windows-TWinUI/Oper",
                              "EventID":  5973
                          },
                          {
                              "TimeCreated":  "\/Date(1756909420576)\/",
                              "LogName":  "Application",
                              "Level":  "Erro",
                              "Provider":  "Microsoft-Windows-Immersive-Shell",
                              "Message":  "Falha na ativação do aplicativo Microsoft.Windows.Cortana_cw5n1h2txyewy!CortanaUI com o erro: Este aplicativo não pode ser ativado pelo Administrador Interno.. Veja o log Microsoft-Windows-TWinUI/Oper",
                              "EventID":  5973
                          },
                          {
                              "TimeCreated":  "\/Date(1756907762717)\/",
                              "LogName":  "Application",
                              "Level":  "Erro",
                              "Provider":  "Microsoft-Windows-Immersive-Shell",
                              "Message":  "Falha na ativação do aplicativo Microsoft.Windows.Cortana_cw5n1h2txyewy!CortanaUI com o erro: Este aplicativo não pode ser ativado pelo Administrador Interno.. Veja o log Microsoft-Windows-TWinUI/Oper",
                              "EventID":  5973
                          },
                          {
                              "TimeCreated":  "\/Date(1756906447873)\/",
                              "LogName":  "Application",
                              "Level":  "Erro",
                              "Provider":  "Microsoft-Windows-Immersive-Shell",
                              "Message":  "Falha na ativação do aplicativo Microsoft.Windows.Cortana_cw5n1h2txyewy!CortanaUI com o erro: Este aplicativo não pode ser ativado pelo Administrador Interno.. Veja o log Microsoft-Windows-TWinUI/Oper",
                              "EventID":  5973
                          },
                          {
                              "TimeCreated":  "\/Date(1756906350506)\/",
                              "LogName":  "Application",
                              "Level":  "Erro",
                              "Provider":  "Microsoft-Windows-Immersive-Shell",
                              "Message":  "Falha na ativação do aplicativo Microsoft.Windows.Cortana_cw5n1h2txyewy!CortanaUI com o erro: Este aplicativo não pode ser ativado pelo Administrador Interno.. Veja o log Microsoft-Windows-TWinUI/Oper",
                              "EventID":  5973
                          }
                      ],
        "Security":  {
                         "Firewall":  [
                                          {
                                              "Profile":  "Domain",
                                              "Enabled":  0,
                                              "DefaultIn":  4,
                                              "DefaultOut":  2
                                          },
                                          {
                                              "Profile":  "Private",
                                              "Enabled":  0,
                                              "DefaultIn":  4,
                                              "DefaultOut":  2
                                          },
                                          {
                                              "Profile":  "Public",
                                              "Enabled":  0,
                                              "DefaultIn":  4,
                                              "DefaultOut":  2
                                          }
                                      ],
                         "Antivirus":  [

                                       ]
                     }
    }
]
